0 info it worked if it ends with ok
1 verbose cli [ '/usr/bin/nodejs', '/usr/bin/npm', 'install', 'anguler-router' ]
2 info using npm@1.3.10
3 info using node@v0.10.25
4 verbose readDependencies using package.json deps
5 verbose cache add [ 'anguler-router', null ]
6 verbose cache add name=undefined spec="anguler-router" args=["anguler-router",null]
7 verbose parsed url { protocol: null,
7 verbose parsed url   slashes: null,
7 verbose parsed url   auth: null,
7 verbose parsed url   host: null,
7 verbose parsed url   port: null,
7 verbose parsed url   hostname: null,
7 verbose parsed url   hash: null,
7 verbose parsed url   search: null,
7 verbose parsed url   query: null,
7 verbose parsed url   pathname: 'anguler-router',
7 verbose parsed url   path: 'anguler-router',
7 verbose parsed url   href: 'anguler-router' }
8 silly lockFile e705b5d6-anguler-router anguler-router
9 verbose lock anguler-router /home/soyaku/.npm/e705b5d6-anguler-router.lock
10 silly lockFile e705b5d6-anguler-router anguler-router
11 silly lockFile e705b5d6-anguler-router anguler-router
12 verbose addNamed [ 'anguler-router', '' ]
13 verbose addNamed [ null, '*' ]
14 silly lockFile 7bcaf7c8-anguler-router anguler-router@
15 verbose lock anguler-router@ /home/soyaku/.npm/7bcaf7c8-anguler-router.lock
16 silly addNameRange { name: 'anguler-router', range: '*', hasData: false }
17 verbose url raw anguler-router
18 verbose url resolving [ 'https://registry.npmjs.org/', './anguler-router' ]
19 verbose url resolved https://registry.npmjs.org/anguler-router
20 info trying registry request attempt 1 at 20:29:43
21 http GET https://registry.npmjs.org/anguler-router
22 http 404 https://registry.npmjs.org/anguler-router
23 silly registry.get cb [ 404,
23 silly registry.get   { date: 'Thu, 11 Sep 2014 01:29:44 GMT',
23 silly registry.get     server: 'CouchDB/1.5.0 (Erlang OTP/R14B04)',
23 silly registry.get     'content-type': 'application/json',
23 silly registry.get     'cache-control': 'max-age=0',
23 silly registry.get     'content-length': '52',
23 silly registry.get     'accept-ranges': 'bytes',
23 silly registry.get     via: '1.1 varnish',
23 silly registry.get     age: '0',
23 silly registry.get     'x-served-by': 'cache-dfw1834-DFW',
23 silly registry.get     'x-cache': 'MISS',
23 silly registry.get     'x-cache-hits': '0',
23 silly registry.get     'x-timer': 'S1410398984.235008,VS0,VE193',
23 silly registry.get     'keep-alive': 'timeout=10, max=50',
23 silly registry.get     connection: 'Keep-Alive' } ]
24 silly lockFile 7bcaf7c8-anguler-router anguler-router@
25 silly lockFile 7bcaf7c8-anguler-router anguler-router@
26 error 404 'anguler-router' is not in the npm registry.
26 error 404 You should bug the author to publish it
26 error 404
26 error 404 Note that you can also install from a
26 error 404 tarball, folder, or http url, or git url.
27 error System Linux 3.13.0-35-generic
28 error command "/usr/bin/nodejs" "/usr/bin/npm" "install" "anguler-router"
29 error cwd /home/soyaku/apps/code/angular-tools
30 error node -v v0.10.25
31 error npm -v 1.3.10
32 error code E404
33 verbose exit [ 1, true ]
